Running: C:\Xilinx\14.7\ISE_DS\ISE\bin\nt64\unwrapped\fuse.exe -intstyle ise -incremental -lib secureip -o C:/Users/sfran/Documents/Repo/UCISW-LAB-4/zad2/zad2_sch_zad2_sch_sch_tb_isim_beh.exe -prj C:/Users/sfran/Documents/Repo/UCISW-LAB-4/zad2/zad2_sch_zad2_sch_sch_tb_beh.prj work.zad2_sch_zad2_sch_sch_tb 
ISim P.20131013 (signature 0x7708f090)
Number of CPUs detected in this system: 8
Turning on mult-threading, number of parallel sub-compilation jobs: 16 
Determining compilation order of HDL files
Parsing VHDL file "C:/Users/sfran/Documents/Repo/UCISW-LAB-4/zad2/zad2_sch.vhf" into library work
Parsing VHDL file "C:/Users/sfran/Documents/Repo/UCISW-LAB-4/zad2/zad2_tb.vhd" into library work
Starting static elaboration
Completed static elaboration
Compiling package standard
Compiling package std_logic_1164
Compiling package numeric_std
Compiling package vcomponents
Compiling package std_logic_arith
Compiling package std_logic_unsigned
Compiling architecture adsu4_hxilinx_zad2_sch_v of entity ADSU4_HXILINX_zad2_sch [adsu4_hxilinx_zad2_sch_default]
Compiling architecture add4_hxilinx_zad2_sch_v of entity ADD4_HXILINX_zad2_sch [add4_hxilinx_zad2_sch_default]
Compiling architecture behavioral of entity zad2_sch [zad2_sch_default]
Compiling architecture behavioral of entity zad2_sch_zad2_sch_sch_tb
Time Resolution for simulation is 1ps.
Waiting for 1 sub-compilation(s) to finish...
WARNING:Simulator - Unable to copy libPortabilityNOSH.dll to the simulation executable directory: boost::filesystem::copy_file: System nie mo¿e odnale æ okre lonej  cie¿ki, "isim\zad2_sch_zad2_sch_sch_tb_isim_beh.exe.sim\libPortability.dll".
Compiled 13 VHDL Units
Built simulation executable C:/Users/sfran/Documents/Repo/UCISW-LAB-4/zad2/zad2_sch_zad2_sch_sch_tb_isim_beh.exe
Fuse Memory Usage: 51832 KB
Fuse CPU Usage: 671 ms
