ISim log file
Running: C:\Users\sfran\Documents\Repo\UCISW-LAB-4\zad2\zad2_sch_zad2_sch_sch_tb_isim_beh.exe -intstyle ise -gui -tclbatch isim.cmd -wdb C:/Users/sfran/Documents/Repo/UCiSW-LAB-4/zad2/zad2_sch_zad2_sch_sch_tb_isim_beh.wdb 
ISim P.20131013 (signature 0x7708f090)
This is a Full version of ISim.
Time resolution is 1 ps
# onerror resume
# wave add /
# run 1000 ns
Simulator is doing circuit initialization process.
at 0 ps, Instance /zad2_sch_zad2_sch_sch_tb/UUT/XLXI_1/ : Warning: There is an 'U'|'X'|'W'|'Z'|'-' in an arithmetic operand, the result will be 'X'(es).
at 0 ps, Instance /zad2_sch_zad2_sch_sch_tb/UUT/XLXI_1/ : Warning: CONV_INTEGER: There is an 'U'|'X'|'W'|'Z'|'-' in an arithmetic operand, and it has been converted to 0.
at 0 ps, Instance /zad2_sch_zad2_sch_sch_tb/UUT/XLXI_1/ : Warning: CONV_INTEGER: There is an 'U'|'X'|'W'|'Z'|'-' in an arithmetic operand, and it has been converted to 0.
at 0 ps, Instance /zad2_sch_zad2_sch_sch_tb/UUT/XLXI_1/ : Warning: CONV_INTEGER: There is an 'U'|'X'|'W'|'Z'|'-' in an arithmetic operand, and it has been converted to 0.
at 0 ps, Instance /zad2_sch_zad2_sch_sch_tb/UUT/XLXI_2/ : Warning: CONV_INTEGER: There is an 'U'|'X'|'W'|'Z'|'-' in an arithmetic operand, and it has been converted to 0.
at 0 ps, Instance /zad2_sch_zad2_sch_sch_tb/UUT/XLXI_2/ : Warning: CONV_INTEGER: There is an 'U'|'X'|'W'|'Z'|'-' in an arithmetic operand, and it has been converted to 0.
at 0 ps, Instance /zad2_sch_zad2_sch_sch_tb/UUT/XLXI_2/ : Warning: CONV_INTEGER: There is an 'U'|'X'|'W'|'Z'|'-' in an arithmetic operand, and it has been converted to 0.
Finished circuit initialization process.
at 0 ps, Instance /zad2_sch_zad2_sch_sch_tb/UUT/XLXI_1/ : Warning: CONV_INTEGER: There is an 'U'|'X'|'W'|'Z'|'-' in an arithmetic operand, and it has been converted to 0.
at 0 ps, Instance /zad2_sch_zad2_sch_sch_tb/UUT/XLXI_2/ : Warning: CONV_INTEGER: There is an 'U'|'X'|'W'|'Z'|'-' in an arithmetic operand, and it has been converted to 0.
at 100 ns, Instance /zad2_sch_zad2_sch_sch_tb/UUT/XLXI_1/ : Warning: CONV_INTEGER: There is an 'U'|'X'|'W'|'Z'|'-' in an arithmetic operand, and it has been converted to 0.
at 100 ns(1), Instance /zad2_sch_zad2_sch_sch_tb/UUT/XLXI_2/ : Warning: CONV_INTEGER: There is an 'U'|'X'|'W'|'Z'|'-' in an arithmetic operand, and it has been converted to 0.
at 200 ns, Instance /zad2_sch_zad2_sch_sch_tb/UUT/XLXI_1/ : Warning: CONV_INTEGER: There is an 'U'|'X'|'W'|'Z'|'-' in an arithmetic operand, and it has been converted to 0.
at 200 ns(1), Instance /zad2_sch_zad2_sch_sch_tb/UUT/XLXI_2/ : Warning: CONV_INTEGER: There is an 'U'|'X'|'W'|'Z'|'-' in an arithmetic operand, and it has been converted to 0.
